[debug] [2023-01-13T12:56:43.829Z] ----------------------------------------------------------------------
[debug] [2023-01-13T12:56:43.832Z] Command:       C:\Program Files\nodejs\node.exe C:\Users\Admin\AppData\Roaming\npm\node_modules\firebase-tools\lib\bin\firebase.js init
[debug] [2023-01-13T12:56:43.832Z] CLI Version:   11.20.0
[debug] [2023-01-13T12:56:43.832Z] Platform:      win32
[debug] [2023-01-13T12:56:43.833Z] Node Version:  v16.17.1
[debug] [2023-01-13T12:56:43.834Z] Time:          Fri Jan 13 2023 14:56:43 GMT+0200 (South Africa Standard Time)
[debug] [2023-01-13T12:56:43.835Z] ----------------------------------------------------------------------
[debug] 
[debug] [2023-01-13T12:56:43.848Z] > command requires scopes: ["email","openid","https://www.googleapis.com/auth/cloudplatformprojects.readonly","https://www.googleapis.com/auth/firebase","https://www.googleapis.com/auth/cloud-platform"]
[debug] [2023-01-13T12:56:43.848Z] > authorizing via signed-in user (dywiliuzukhanye@gmail.com)
[info] 
     ######## #### ########  ######## ########     ###     ######  ########
     ##        ##  ##     ## ##       ##     ##  ##   ##  ##       ##
     ######    ##  ########  ######   ########  #########  ######  ######
     ##        ##  ##    ##  ##       ##     ## ##     ##       ## ##
     ##       #### ##     ## ######## ########  ##     ##  ######  ########

You're about to initialize a Firebase project in this directory:

  C:\Users\Admin\Documents\uzukhanye_vue

[info] 
=== Project Setup
[info] 
[info] First, let's associate this project directory with a Firebase project.
[info] You can create multiple project aliases by running firebase use --add, 
[info] but for now we'll just set up a default project.
[info] 
[debug] [2023-01-13T12:56:59.111Z] >>> [apiv2][query] GET https://firebase.googleapis.com/v1beta1/projects pageSize=100
[debug] [2023-01-13T12:57:00.100Z] <<< [apiv2][status] GET https://firebase.googleapis.com/v1beta1/projects 200
[debug] [2023-01-13T12:57:00.100Z] <<< [apiv2][body] GET https://firebase.googleapis.com/v1beta1/projects [omitted]
[info] i  Using project uzukhanye-37b35 (uzukhanye) 
[info] 
=== Hosting Setup
[info] 
[info] Your public directory is the folder (relative to your project directory) that
[info] will contain Hosting assets to be uploaded with firebase deploy. If you
[info] have a build process for your assets, use your build's output directory.
[info] 
[debug] [2023-01-13T12:57:24.161Z] >>> [apiv2][query] GET https://www.gstatic.com/firebasejs/releases.json [none]
[debug] [2023-01-13T12:57:24.480Z] <<< [apiv2][status] GET https://www.gstatic.com/firebasejs/releases.json 200
[debug] [2023-01-13T12:57:24.480Z] <<< [apiv2][body] GET https://www.gstatic.com/firebasejs/releases.json {"current":{"version":"9.15.0","browserURL":"https://www.gstatic.com/firebasejs/9.15.0/firebase.js","packageURL":"https://www.gstatic.com/firebasejs/9.15.0/firebase.tgz"},"live":{"version":"9.15","browserURL":"https://www.gstatic.com/firebasejs/live/9.15/firebase.js","packageURL":"https://www.gstatic.com/firebasejs/live/9.15/firebase.tgz"},"components":{"analytics":"https://www.gstatic.com/firebasejs/9.15.0/firebase-analytics.js","app":"https://www.gstatic.com/firebasejs/9.15.0/firebase-app.js","app-check":"https://www.gstatic.com/firebasejs/9.15.0/firebase-app-check.js","auth":"https://www.gstatic.com/firebasejs/9.15.0/firebase-auth.js","auth/cordova":"https://www.gstatic.com/firebasejs/9.15.0/firebase-auth/cordova.js","auth/react-native":"https://www.gstatic.com/firebasejs/9.15.0/firebase-auth/react-native.js","functions":"https://www.gstatic.com/firebasejs/9.15.0/firebase-functions.js","firestore":"https://www.gstatic.com/firebasejs/9.15.0/firebase-firestore.js","firestore/lite":"https://www.gstatic.com/firebasejs/9.15.0/firebase-firestore/lite.js","installations":"https://www.gstatic.com/firebasejs/9.15.0/firebase-installations.js","storage":"https://www.gstatic.com/firebasejs/9.15.0/firebase-storage.js","performance":"https://www.gstatic.com/firebasejs/9.15.0/firebase-performance.js","remote-config":"https://www.gstatic.com/firebasejs/9.15.0/firebase-remote-config.js","messaging":"https://www.gstatic.com/firebasejs/9.15.0/firebase-messaging.js","messaging/sw":"https://www.gstatic.com/firebasejs/9.15.0/firebase-messaging/sw.js","database":"https://www.gstatic.com/firebasejs/9.15.0/firebase-database.js","firestore.memory":"https://www.gstatic.com/firebasejs/9.15.0/firebase-firestore.memory.js"}}
[info] +  Wrote dist/index.html 
[info] 
[info] i  Detected a .git folder at C:\Users\Admin\Documents 
[info] i  Authorizing with GitHub to upload your service account to a GitHub repository's secrets store. 
[info] 
[info] Visit this URL on this device to log in:
[info] https://github.com/login/oauth/authorize?client_id=89cf50f02ac6aaed3484&state=21704720&redirect_uri=http%3A%2F%2Flocalhost%3A9005&scope=read%3Auser%20repo%20public_repo
[info] 
[info] Waiting for authentication...
[debug] [2023-01-13T12:58:00.379Z] >>> [apiv2][query] POST https://github.com/login/oauth/access_token [none]
[debug] [2023-01-13T12:58:00.380Z] >>> [apiv2][body] POST https://github.com/login/oauth/access_token [stream]
[debug] [2023-01-13T12:58:01.932Z] <<< [apiv2][status] POST https://github.com/login/oauth/access_token 200
[debug] [2023-01-13T12:58:01.932Z] <<< [apiv2][body] POST https://github.com/login/oauth/access_token {"access_token":"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","token_type":"bearer","scope":"read:user,repo"}
[debug] [2023-01-13T12:58:01.956Z] >>> [apiv2][query] GET https://api.github.com/user [none]
[debug] [2023-01-13T12:58:02.863Z] <<< [apiv2][status] GET https://api.github.com/user 200
[debug] [2023-01-13T12:58:02.864Z] <<< [apiv2][body] GET https://api.github.com/user {"login":"Azukiwe","id":88004097,"node_id":"MDQ6VXNlcjg4MDA0MDk3","avatar_url":"https://avatars.githubusercontent.com/u/88004097?v=4","gravatar_id":"","url":"https://api.github.com/users/Azukiwe","html_url":"https://github.com/Azukiwe","followers_url":"https://api.github.com/users/Azukiwe/followers","following_url":"https://api.github.com/users/Azukiwe/following{/other_user}","gists_url":"https://api.github.com/users/Azukiwe/gists{/gist_id}","starred_url":"https://api.github.com/users/Azukiwe/starred{/owner}{/repo}","subscriptions_url":"https://api.github.com/users/Azukiwe/subscriptions","organizations_url":"https://api.github.com/users/Azukiwe/orgs","repos_url":"https://api.github.com/users/Azukiwe/repos","events_url":"https://api.github.com/users/Azukiwe/events{/privacy}","received_events_url":"https://api.github.com/users/Azukiwe/received_events","type":"User","site_admin":false,"name":null,"company":null,"blog":"","location":null,"email":null,"hireable":null,"bio":null,"twitter_username":null,"public_repos":15,"public_gists":0,"followers":0,"following":0,"created_at":"2021-07-26T20:22:52Z","updated_at":"2022-09-27T13:35:32Z","private_gists":0,"total_private_repos":2,"owned_private_repos":2,"disk_usage":10769,"collaborators":0,"two_factor_authentication":false,"plan":{"name":"free","space":976562499,"collaborators":0,"private_repos":10000}}
[info] 
[info] +  Success! Logged into GitHub as Azukiwe 
[info] 
